[W 2025-03-10 19:19:09.182 ServerApp] Unrecognized alias: 'allow_origin', it will have no effect.
[I 2025-03-10 19:19:09.206 ServerApp] jupyter_lsp | extension was successfully linked.
[I 2025-03-10 19:19:09.209 ServerApp] jupyter_server_terminals | extension was successfully linked.
[I 2025-03-10 19:19:09.214 ServerApp] jupyterlab | extension was successfully linked.
[I 2025-03-10 19:19:09.425 ServerApp] notebook_shim | extension was successfully linked.
[I 2025-03-10 19:19:09.443 ServerApp] notebook_shim | extension was successfully loaded.
[I 2025-03-10 19:19:09.445 ServerApp] jupyter_lsp | extension was successfully loaded.
[I 2025-03-10 19:19:09.447 ServerApp] jupyter_server_terminals | extension was successfully loaded.
[I 2025-03-10 19:19:09.448 LabApp] JupyterLab extension loaded from /home/ec2-user/.local/lib/python3.9/site-packages/jupyterlab
[I 2025-03-10 19:19:09.448 LabApp] JupyterLab application directory is /home/ec2-user/.local/share/jupyter/lab
[I 2025-03-10 19:19:09.449 LabApp] Extension Manager is 'pypi'.
[I 2025-03-10 19:19:09.481 ServerApp] jupyterlab | extension was successfully loaded.
[I 2025-03-10 19:19:09.481 ServerApp] Serving notebooks from local directory: /mathangya
[I 2025-03-10 19:19:09.482 ServerApp] Jupyter Server 2.14.2 is running at:
[I 2025-03-10 19:19:09.482 ServerApp] http://ip-172-31-88-166.ec2.internal:8888/lab
[I 2025-03-10 19:19:09.482 ServerApp]     http://127.0.0.1:8888/lab
[I 2025-03-10 19:19:09.482 ServerApp] Use Control-C to stop this server and shut down all kernels (twice to skip confirmation).
[W 2025-03-10 19:19:09.487 ServerApp] No web browser found: Error('could not locate runnable browser').
[I 2025-03-10 19:19:09.502 ServerApp] Skipped non-installed server(s): bash-language-server, dockerfile-language-server-nodejs, javascript-typescript-langserver, jedi-language-server, julia-language-server, pyright, python-language-server, python-lsp-server, r-languageserver, sql-language-server, texlab, typescript-language-server, unified-language-server, vscode-css-languageserver-bin, vscode-html-languageserver-bin, vscode-json-languageserver-bin, yaml-language-server
[W 2025-03-10 19:19:09.827 ServerApp] 404 GET /api/kernels/60d304cd-a122-48ee-8426-ddd981cc5b02?1741634347670 (106.222.204.36): Kernel does not exist: 60d304cd-a122-48ee-8426-ddd981cc5b02
[W 2025-03-10 19:19:09.827 ServerApp] wrote error: 'Kernel does not exist: 60d304cd-a122-48ee-8426-ddd981cc5b02'
    Traceback (most recent call last):
      File "/home/ec2-user/.local/lib/python3.9/site-packages/tornado/web.py", line 1790, in _execute
        result = await result
      File "/home/ec2-user/.local/lib/python3.9/site-packages/jupyter_server/auth/decorator.py", line 73, in inner
        return await out
      File "/home/ec2-user/.local/lib/python3.9/site-packages/jupyter_server/services/kernels/handlers.py", line 75, in get
        model = await ensure_async(km.kernel_model(kernel_id))
      File "/home/ec2-user/.local/lib/python3.9/site-packages/jupyter_server/services/kernels/kernelmanager.py", line 506, in kernel_model
        self._check_kernel_id(kernel_id)
      File "/home/ec2-user/.local/lib/python3.9/site-packages/jupyter_server/services/kernels/kernelmanager.py", line 537, in _check_kernel_id
        raise web.HTTPError(404, "Kernel does not exist: %s" % kernel_id)
    tornado.web.HTTPError: HTTP 404: Not Found (Kernel does not exist: 60d304cd-a122-48ee-8426-ddd981cc5b02)
[W 2025-03-10 19:19:09.831 ServerApp] 404 GET /api/kernels/60d304cd-a122-48ee-8426-ddd981cc5b02?1741634347670 (61f7376204054d55a34432f52f318ee6@106.222.204.36) 5.24ms referer=http://mathangya.art:8888/lab?
[W 2025-03-10 19:19:11.203 ServerApp] 404 GET /api/kernels/60d304cd-a122-48ee-8426-ddd981cc5b02/channels?session_id=662af01a-f584-4c41-a8be-162c7656a3d5 (106.222.204.36): Kernel does not exist: 60d304cd-a122-48ee-8426-ddd981cc5b02
[W 2025-03-10 19:19:11.226 ServerApp] 404 GET /api/kernels/60d304cd-a122-48ee-8426-ddd981cc5b02/channels?session_id=662af01a-f584-4c41-a8be-162c7656a3d5 (61f7376204054d55a34432f52f318ee6@106.222.204.36) 23.84ms referer=None
[W 2025-03-10 19:19:12.884 LabApp] Could not determine jupyterlab build status without nodejs
[I 2025-03-10 19:19:14.719 ServerApp] Kernel started: 91651a8f-cf54-4051-93c9-5c6f358df553
[I 2025-03-10 19:19:14.728 ServerApp] Kernel started: ee480b75-f69d-497f-9866-f618396482c1
[I 2025-03-10 19:19:14.980 ServerApp] Kernel started: 61d8f7da-d37f-4302-80d5-2b4c45ac17c9
[I 2025-03-10 19:19:16.104 ServerApp] Connecting to kernel ee480b75-f69d-497f-9866-f618396482c1.
[I 2025-03-10 19:19:16.550 ServerApp] Connecting to kernel 91651a8f-cf54-4051-93c9-5c6f358df553.
[I 2025-03-10 19:19:16.733 ServerApp] Starting buffering for ee480b75-f69d-497f-9866-f618396482c1:d792aa74-de4c-4a0b-936d-7e746781f6ca
[I 2025-03-10 19:19:16.975 ServerApp] Connecting to kernel ee480b75-f69d-497f-9866-f618396482c1.
[I 2025-03-10 19:19:17.411 ServerApp] Connecting to kernel 61d8f7da-d37f-4302-80d5-2b4c45ac17c9.
[I 2025-03-10 19:19:17.844 ServerApp] Connecting to kernel 61d8f7da-d37f-4302-80d5-2b4c45ac17c9.
[I 2025-03-10 19:19:18.265 ServerApp] Connecting to kernel 61d8f7da-d37f-4302-80d5-2b4c45ac17c9.
[I 2025-03-10 19:21:14.671 ServerApp] Saving file at /wealthGen.ipynb
[I 2025-03-10 19:23:15.323 ServerApp] Saving file at /wealthGen.ipynb
[I 2025-03-10 19:25:15.975 ServerApp] Saving file at /wealthGen.ipynb
[I 2025-03-10 19:27:16.628 ServerApp] Saving file at /wealthGen.ipynb
[I 2025-03-10 19:29:17.264 ServerApp] Saving file at /wealthGen.ipynb
[I 2025-03-10 19:31:18.088 ServerApp] Saving file at /wealthGen.ipynb
[I 2025-03-10 19:37:20.381 ServerApp] Saving file at /wealthGen.ipynb
[I 2025-03-10 19:39:21.038 ServerApp] Saving file at /wealthGen.ipynb
[I 2025-03-10 19:41:21.698 ServerApp] Saving file at /wealthGen.ipynb
